<?xml version="1.0" encoding="UTF-8"?>
<!-- Generated by org.testng.reporters.JUnitReportReporter -->
<testsuite skipped="0" hostname="HIBAML50141" name="com.testproject.TestCase1" tests="2" failures="0" timestamp="22 Jul 2019 10:35:09 GMT" time="97.646" errors="0">
  <testcase name="shopclues" time="42.287" classname="com.testproject.TestCase1"/>
  <testcase name="myntra" time="55.359" classname="com.testproject.TestCase1"/>
</testsuite> <!-- com.testproject.TestCase1 -->
